{"/home/local/vikangas/opiskelu/hy_fullstack_18/osa5/bloglist-frontend/src/App.js": {"path":"/home/local/vikangas/opiskelu/hy_fullstack_18/osa5/bloglist-frontend/src/App.js","statementMap":{"0":{"start":{"line":11,"column":4},"end":{"line":11,"column":16}},"1":{"start":{"line":12,"column":4},"end":{"line":19,"column":5}},"2":{"start":{"line":23,"column":4},"end":{"line":25,"column":5}},"3":{"start":{"line":24,"column":6},"end":{"line":24,"column":30}},"4":{"start":{"line":27,"column":27},"end":{"line":27,"column":75}},"5":{"start":{"line":28,"column":4},"end":{"line":32,"column":5}},"6":{"start":{"line":29,"column":19},"end":{"line":29,"column":45}},"7":{"start":{"line":30,"column":6},"end":{"line":30,"column":29}},"8":{"start":{"line":31,"column":6},"end":{"line":31,"column":38}},"9":{"start":{"line":36,"column":4},"end":{"line":36,"column":26}},"10":{"start":{"line":37,"column":4},"end":{"line":53,"column":5}},"11":{"start":{"line":38,"column":19},"end":{"line":41,"column":8}},"12":{"start":{"line":43,"column":6},"end":{"line":43,"column":76}},"13":{"start":{"line":44,"column":6},"end":{"line":44,"column":38}},"14":{"start":{"line":45,"column":6},"end":{"line":49,"column":8}},"15":{"start":{"line":50,"column":6},"end":{"line":50,"column":43}},"16":{"start":{"line":52,"column":6},"end":{"line":52,"column":53}},"17":{"start":{"line":57,"column":4},"end":{"line":57,"column":26}},"18":{"start":{"line":58,"column":4},"end":{"line":58,"column":55}},"19":{"start":{"line":59,"column":4},"end":{"line":61,"column":6}},"20":{"start":{"line":62,"column":4},"end":{"line":62,"column":36}},"21":{"start":{"line":66,"column":4},"end":{"line":69,"column":6}},"22":{"start":{"line":70,"column":4},"end":{"line":72,"column":12}},"23":{"start":{"line":71,"column":6},"end":{"line":71,"column":57}},"24":{"start":{"line":76,"column":4},"end":{"line":76,"column":59}},"25":{"start":{"line":80,"column":4},"end":{"line":88,"column":5}},"26":{"start":{"line":81,"column":19},"end":{"line":81,"column":59}},"27":{"start":{"line":81,"column":46},"end":{"line":81,"column":58}},"28":{"start":{"line":83,"column":26},"end":{"line":83,"column":54}},"29":{"start":{"line":85,"column":6},"end":{"line":87,"column":8}},"30":{"start":{"line":86,"column":44},"end":{"line":86,"column":80}},"31":{"start":{"line":92,"column":4},"end":{"line":106,"column":5}},"32":{"start":{"line":93,"column":6},"end":{"line":105,"column":7}},"33":{"start":{"line":94,"column":21},"end":{"line":94,"column":61}},"34":{"start":{"line":94,"column":48},"end":{"line":94,"column":60}},"35":{"start":{"line":96,"column":8},"end":{"line":101,"column":9}},"36":{"start":{"line":97,"column":10},"end":{"line":97,"column":38}},"37":{"start":{"line":98,"column":10},"end":{"line":100,"column":12}},"38":{"start":{"line":99,"column":51},"end":{"line":99,"column":66}},"39":{"start":{"line":102,"column":8},"end":{"line":102,"column":35}},"40":{"start":{"line":104,"column":8},"end":{"line":104,"column":71}},"41":{"start":{"line":111,"column":4},"end":{"line":111,"column":62}},"42":{"start":{"line":115,"column":22},"end":{"line":142,"column":5}},"43":{"start":{"line":116,"column":6},"end":{"line":141,"column":12}},"44":{"start":{"line":144,"column":18},"end":{"line":161,"column":5}},"45":{"start":{"line":145,"column":6},"end":{"line":160,"column":12}},"46":{"start":{"line":155,"column":10},"end":{"line":155,"column":42}},"47":{"start":{"line":157,"column":10},"end":{"line":157,"column":145}},"48":{"start":{"line":163,"column":4},"end":{"line":170,"column":5}}},"fnMap":{"0":{"name":"(anonymous_0)","decl":{"start":{"line":10,"column":2},"end":{"line":10,"column":3}},"loc":{"start":{"line":10,"column":21},"end":{"line":20,"column":3}},"line":10},"1":{"name":"(anonymous_1)","decl":{"start":{"line":22,"column":2},"end":{"line":22,"column":3}},"loc":{"start":{"line":22,"column":22},"end":{"line":33,"column":3}},"line":22},"2":{"name":"(anonymous_2)","decl":{"start":{"line":23,"column":30},"end":{"line":23,"column":31}},"loc":{"start":{"line":24,"column":6},"end":{"line":24,"column":30}},"line":24},"3":{"name":"(anonymous_3)","decl":{"start":{"line":35,"column":10},"end":{"line":35,"column":11}},"loc":{"start":{"line":35,"column":27},"end":{"line":54,"column":3}},"line":35},"4":{"name":"(anonymous_4)","decl":{"start":{"line":56,"column":11},"end":{"line":56,"column":12}},"loc":{"start":{"line":56,"column":22},"end":{"line":63,"column":3}},"line":56},"5":{"name":"(anonymous_5)","decl":{"start":{"line":65,"column":11},"end":{"line":65,"column":12}},"loc":{"start":{"line":65,"column":31},"end":{"line":73,"column":3}},"line":65},"6":{"name":"(anonymous_6)","decl":{"start":{"line":70,"column":15},"end":{"line":70,"column":16}},"loc":{"start":{"line":70,"column":21},"end":{"line":72,"column":5}},"line":70},"7":{"name":"(anonymous_7)","decl":{"start":{"line":75,"column":19},"end":{"line":75,"column":20}},"loc":{"start":{"line":75,"column":29},"end":{"line":77,"column":3}},"line":75},"8":{"name":"(anonymous_8)","decl":{"start":{"line":79,"column":17},"end":{"line":79,"column":18}},"loc":{"start":{"line":79,"column":25},"end":{"line":89,"column":3}},"line":79},"9":{"name":"(anonymous_9)","decl":{"start":{"line":80,"column":11},"end":{"line":80,"column":12}},"loc":{"start":{"line":80,"column":23},"end":{"line":88,"column":5}},"line":80},"10":{"name":"(anonymous_10)","decl":{"start":{"line":81,"column":41},"end":{"line":81,"column":42}},"loc":{"start":{"line":81,"column":46},"end":{"line":81,"column":58}},"line":81},"11":{"name":"(anonymous_11)","decl":{"start":{"line":86,"column":36},"end":{"line":86,"column":37}},"loc":{"start":{"line":86,"column":44},"end":{"line":86,"column":80}},"line":86},"12":{"name":"(anonymous_12)","decl":{"start":{"line":91,"column":19},"end":{"line":91,"column":20}},"loc":{"start":{"line":91,"column":27},"end":{"line":108,"column":3}},"line":91},"13":{"name":"(anonymous_13)","decl":{"start":{"line":92,"column":11},"end":{"line":92,"column":12}},"loc":{"start":{"line":92,"column":23},"end":{"line":106,"column":5}},"line":92},"14":{"name":"(anonymous_14)","decl":{"start":{"line":94,"column":43},"end":{"line":94,"column":44}},"loc":{"start":{"line":94,"column":48},"end":{"line":94,"column":60}},"line":94},"15":{"name":"(anonymous_15)","decl":{"start":{"line":99,"column":43},"end":{"line":99,"column":44}},"loc":{"start":{"line":99,"column":51},"end":{"line":99,"column":66}},"line":99},"16":{"name":"(anonymous_16)","decl":{"start":{"line":110,"column":27},"end":{"line":110,"column":28}},"loc":{"start":{"line":110,"column":38},"end":{"line":112,"column":3}},"line":110},"17":{"name":"(anonymous_17)","decl":{"start":{"line":114,"column":2},"end":{"line":114,"column":3}},"loc":{"start":{"line":114,"column":11},"end":{"line":171,"column":3}},"line":114},"18":{"name":"(anonymous_18)","decl":{"start":{"line":115,"column":22},"end":{"line":115,"column":23}},"loc":{"start":{"line":116,"column":6},"end":{"line":141,"column":12}},"line":116},"19":{"name":"(anonymous_19)","decl":{"start":{"line":144,"column":18},"end":{"line":144,"column":19}},"loc":{"start":{"line":145,"column":6},"end":{"line":160,"column":12}},"line":145},"20":{"name":"(anonymous_20)","decl":{"start":{"line":154,"column":31},"end":{"line":154,"column":32}},"loc":{"start":{"line":154,"column":49},"end":{"line":156,"column":9}},"line":154},"21":{"name":"(anonymous_21)","decl":{"start":{"line":156,"column":15},"end":{"line":156,"column":16}},"loc":{"start":{"line":157,"column":10},"end":{"line":157,"column":145}},"line":157}},"branchMap":{"0":{"loc":{"start":{"line":28,"column":4},"end":{"line":32,"column":5}},"type":"if","locations":[{"start":{"line":28,"column":4},"end":{"line":32,"column":5}},{"start":{"line":28,"column":4},"end":{"line":32,"column":5}}],"line":28},"1":{"loc":{"start":{"line":86,"column":44},"end":{"line":86,"column":80}},"type":"cond-expr","locations":[{"start":{"line":86,"column":62},"end":{"line":86,"column":66}},{"start":{"line":86,"column":69},"end":{"line":86,"column":80}}],"line":86},"2":{"loc":{"start":{"line":96,"column":8},"end":{"line":101,"column":9}},"type":"if","locations":[{"start":{"line":96,"column":8},"end":{"line":101,"column":9}},{"start":{"line":96,"column":8},"end":{"line":101,"column":9}}],"line":96},"3":{"loc":{"start":{"line":165,"column":9},"end":{"line":167,"column":17}},"type":"cond-expr","locations":[{"start":{"line":166,"column":10},"end":{"line":166,"column":21}},{"start":{"line":167,"column":10},"end":{"line":167,"column":17}}],"line":165}},"s":{"0":1,"1":1,"2":1,"3":1,"4":1,"5":1,"6":0,"7":0,"8":0,"9":0,"10":0,"11":0,"12":0,"13":0,"14":0,"15":0,"16":0,"17":0,"18":0,"19":0,"20":0,"21":0,"22":0,"23":0,"24":0,"25":0,"26":0,"27":0,"28":0,"29":0,"30":0,"31":0,"32":0,"33":0,"34":0,"35":0,"36":0,"37":0,"38":0,"39":0,"40":0,"41":0,"42":2,"43":2,"44":2,"45":0,"46":0,"47":0,"48":2},"f":{"0":1,"1":1,"2":1,"3":0,"4":0,"5":0,"6":0,"7":0,"8":0,"9":0,"10":0,"11":0,"12":0,"13":0,"14":0,"15":0,"16":0,"17":2,"18":2,"19":0,"20":0,"21":0},"b":{"0":[0,1],"1":[0,0],"2":[0,0],"3":[2,0]},"_coverageSchema":"332fd63041d2c1bcb487cc26dd0d5f7d97098a6c","hash":"d600bbe2655d60cdc7c5fcca957346e1b155000c"}
,"/home/local/vikangas/opiskelu/hy_fullstack_18/osa5/bloglist-frontend/src/index.js": {"path":"/home/local/vikangas/opiskelu/hy_fullstack_18/osa5/bloglist-frontend/src/index.js","statementMap":{"0":{"start":{"line":1,"column":32},"end":{"line":1,"column":115}},"1":{"start":{"line":1,"column":129},"end":{"line":1,"column":145}},"2":{"start":{"line":1,"column":160},"end":{"line":1,"column":190}},"3":{"start":{"line":2,"column":16},"end":{"line":2,"column":36}},"4":{"start":{"line":2,"column":54},"end":{"line":2,"column":87}},"5":{"start":{"line":3,"column":11},"end":{"line":3,"column":27}},"6":{"start":{"line":3,"column":40},"end":{"line":3,"column":68}},"7":{"start":{"line":3,"column":107},"end":{"line":3,"column":161}},"8":{"start":{"line":5,"column":0},"end":{"line":5,"column":181}}},"fnMap":{"0":{"name":"_interopRequireDefault","decl":{"start":{"line":3,"column":78},"end":{"line":3,"column":100}},"loc":{"start":{"line":3,"column":106},"end":{"line":3,"column":162}},"line":3}},"branchMap":{"0":{"loc":{"start":{"line":3,"column":114},"end":{"line":3,"column":160}},"type":"cond-expr","locations":[{"start":{"line":3,"column":138},"end":{"line":3,"column":141}},{"start":{"line":3,"column":144},"end":{"line":3,"column":160}}],"line":3},"1":{"loc":{"start":{"line":3,"column":114},"end":{"line":3,"column":135}},"type":"binary-expr","locations":[{"start":{"line":3,"column":114},"end":{"line":3,"column":117}},{"start":{"line":3,"column":121},"end":{"line":3,"column":135}}],"line":3}},"s":{"0":0,"1":0,"2":0,"3":0,"4":0,"5":0,"6":0,"7":0,"8":0},"f":{"0":0},"b":{"0":[0,0],"1":[0,0]}}
,"/home/local/vikangas/opiskelu/hy_fullstack_18/osa5/bloglist-frontend/src/setupTests.js": {"path":"/home/local/vikangas/opiskelu/hy_fullstack_18/osa5/bloglist-frontend/src/setupTests.js","statementMap":{"0":{"start":{"line":4,"column":0},"end":{"line":4,"column":37}},"1":{"start":{"line":6,"column":17},"end":{"line":6,"column":19}},"2":{"start":{"line":8,"column":25},"end":{"line":14,"column":1}},"3":{"start":{"line":10,"column":4},"end":{"line":10,"column":26}},"4":{"start":{"line":12,"column":20},"end":{"line":12,"column":35}},"5":{"start":{"line":16,"column":0},"end":{"line":16,"column":38}}},"fnMap":{"0":{"name":"(anonymous_0)","decl":{"start":{"line":9,"column":11},"end":{"line":9,"column":12}},"loc":{"start":{"line":9,"column":26},"end":{"line":11,"column":3}},"line":9},"1":{"name":"(anonymous_1)","decl":{"start":{"line":12,"column":11},"end":{"line":12,"column":12}},"loc":{"start":{"line":12,"column":20},"end":{"line":12,"column":35}},"line":12}},"branchMap":{},"s":{"0":3,"1":3,"2":3,"3":0,"4":1,"5":3},"f":{"0":0,"1":1},"b":{},"_coverageSchema":"332fd63041d2c1bcb487cc26dd0d5f7d97098a6c","hash":"da3dd4b0c31c50c37f705a053d4908249466276e"}
,"/home/local/vikangas/opiskelu/hy_fullstack_18/osa5/bloglist-frontend/src/components/Blog.js": {"path":"/home/local/vikangas/opiskelu/hy_fullstack_18/osa5/bloglist-frontend/src/components/Blog.js","statementMap":{"0":{"start":{"line":5,"column":17},"end":{"line":30,"column":1}},"1":{"start":{"line":6,"column":14},"end":{"line":6,"column":54}},"2":{"start":{"line":7,"column":16},"end":{"line":7,"column":94}},"3":{"start":{"line":10,"column":2},"end":{"line":14,"column":3}},"4":{"start":{"line":11,"column":4},"end":{"line":11,"column":46}},"5":{"start":{"line":13,"column":4},"end":{"line":13,"column":38}},"6":{"start":{"line":18,"column":2},"end":{"line":20,"column":3}},"7":{"start":{"line":19,"column":4},"end":{"line":19,"column":82}},"8":{"start":{"line":22,"column":2},"end":{"line":29,"column":3}},"9":{"start":{"line":32,"column":13},"end":{"line":49,"column":1}},"10":{"start":{"line":33,"column":20},"end":{"line":40,"column":3}},"11":{"start":{"line":42,"column":2},"end":{"line":48,"column":3}},"12":{"start":{"line":44,"column":83},"end":{"line":44,"column":108}},"13":{"start":{"line":51,"column":0},"end":{"line":55,"column":1}}},"fnMap":{"0":{"name":"(anonymous_0)","decl":{"start":{"line":5,"column":17},"end":{"line":5,"column":18}},"loc":{"start":{"line":5,"column":70},"end":{"line":30,"column":1}},"line":5},"1":{"name":"(anonymous_1)","decl":{"start":{"line":32,"column":13},"end":{"line":32,"column":14}},"loc":{"start":{"line":32,"column":70},"end":{"line":49,"column":1}},"line":32},"2":{"name":"(anonymous_2)","decl":{"start":{"line":44,"column":70},"end":{"line":44,"column":71}},"loc":{"start":{"line":44,"column":83},"end":{"line":44,"column":108}},"line":44}},"branchMap":{"0":{"loc":{"start":{"line":10,"column":2},"end":{"line":14,"column":3}},"type":"if","locations":[{"start":{"line":10,"column":2},"end":{"line":14,"column":3}},{"start":{"line":10,"column":2},"end":{"line":14,"column":3}}],"line":10},"1":{"loc":{"start":{"line":18,"column":2},"end":{"line":20,"column":3}},"type":"if","locations":[{"start":{"line":18,"column":2},"end":{"line":20,"column":3}},{"start":{"line":18,"column":2},"end":{"line":20,"column":3}}],"line":18},"2":{"loc":{"start":{"line":18,"column":6},"end":{"line":18,"column":76}},"type":"binary-expr","locations":[{"start":{"line":18,"column":6},"end":{"line":18,"column":29}},{"start":{"line":18,"column":33},"end":{"line":18,"column":76}}],"line":18}},"s":{"0":2,"1":0,"2":0,"3":0,"4":0,"5":0,"6":0,"7":0,"8":0,"9":2,"10":0,"11":0,"12":0,"13":2},"f":{"0":0,"1":0,"2":0},"b":{"0":[0,0],"1":[0,0],"2":[0,0]},"_coverageSchema":"332fd63041d2c1bcb487cc26dd0d5f7d97098a6c","hash":"e16ceafe205a4f6d4bb40d02de987e96f78b2265"}
,"/home/local/vikangas/opiskelu/hy_fullstack_18/osa5/bloglist-frontend/src/components/BlogForm.js": {"path":"/home/local/vikangas/opiskelu/hy_fullstack_18/osa5/bloglist-frontend/src/components/BlogForm.js","statementMap":{"0":{"start":{"line":4,"column":13},"end":{"line":37,"column":1}},"1":{"start":{"line":5,"column":2},"end":{"line":36,"column":3}},"2":{"start":{"line":41,"column":4},"end":{"line":41,"column":16}},"3":{"start":{"line":42,"column":4},"end":{"line":44,"column":5}},"4":{"start":{"line":48,"column":4},"end":{"line":48,"column":49}},"5":{"start":{"line":52,"column":28},"end":{"line":52,"column":73}},"6":{"start":{"line":53,"column":28},"end":{"line":53,"column":73}},"7":{"start":{"line":55,"column":4},"end":{"line":65,"column":5}},"8":{"start":{"line":71,"column":4},"end":{"line":71,"column":16}},"9":{"start":{"line":72,"column":4},"end":{"line":78,"column":5}},"10":{"start":{"line":79,"column":4},"end":{"line":79,"column":46}},"11":{"start":{"line":80,"column":4},"end":{"line":80,"column":30}},"12":{"start":{"line":84,"column":4},"end":{"line":84,"column":26}},"13":{"start":{"line":85,"column":23},"end":{"line":89,"column":5}},"14":{"start":{"line":91,"column":4},"end":{"line":104,"column":5}},"15":{"start":{"line":92,"column":22},"end":{"line":93,"column":27}},"16":{"start":{"line":94,"column":6},"end":{"line":98,"column":8}},"17":{"start":{"line":100,"column":6},"end":{"line":100,"column":84}},"18":{"start":{"line":101,"column":6},"end":{"line":101,"column":34}},"19":{"start":{"line":103,"column":6},"end":{"line":103,"column":54}},"20":{"start":{"line":108,"column":4},"end":{"line":108,"column":62}},"21":{"start":{"line":112,"column":4},"end":{"line":124,"column":5}}},"fnMap":{"0":{"name":"(anonymous_0)","decl":{"start":{"line":4,"column":13},"end":{"line":4,"column":14}},"loc":{"start":{"line":4,"column":73},"end":{"line":37,"column":1}},"line":4},"1":{"name":"(anonymous_1)","decl":{"start":{"line":40,"column":2},"end":{"line":40,"column":3}},"loc":{"start":{"line":40,"column":21},"end":{"line":45,"column":3}},"line":40},"2":{"name":"(anonymous_2)","decl":{"start":{"line":47,"column":21},"end":{"line":47,"column":22}},"loc":{"start":{"line":47,"column":27},"end":{"line":49,"column":3}},"line":47},"3":{"name":"(anonymous_3)","decl":{"start":{"line":51,"column":2},"end":{"line":51,"column":3}},"loc":{"start":{"line":51,"column":11},"end":{"line":66,"column":3}},"line":51},"4":{"name":"(anonymous_4)","decl":{"start":{"line":70,"column":2},"end":{"line":70,"column":3}},"loc":{"start":{"line":70,"column":21},"end":{"line":81,"column":3}},"line":70},"5":{"name":"(anonymous_5)","decl":{"start":{"line":83,"column":12},"end":{"line":83,"column":13}},"loc":{"start":{"line":83,"column":29},"end":{"line":105,"column":3}},"line":83},"6":{"name":"(anonymous_6)","decl":{"start":{"line":107,"column":29},"end":{"line":107,"column":30}},"loc":{"start":{"line":107,"column":40},"end":{"line":109,"column":3}},"line":107},"7":{"name":"(anonymous_7)","decl":{"start":{"line":111,"column":2},"end":{"line":111,"column":3}},"loc":{"start":{"line":111,"column":11},"end":{"line":125,"column":3}},"line":111}},"branchMap":{"0":{"loc":{"start":{"line":52,"column":39},"end":{"line":52,"column":71}},"type":"cond-expr","locations":[{"start":{"line":52,"column":60},"end":{"line":52,"column":66}},{"start":{"line":52,"column":69},"end":{"line":52,"column":71}}],"line":52},"1":{"loc":{"start":{"line":53,"column":39},"end":{"line":53,"column":71}},"type":"cond-expr","locations":[{"start":{"line":53,"column":60},"end":{"line":53,"column":62}},{"start":{"line":53,"column":65},"end":{"line":53,"column":71}}],"line":53}},"s":{"0":1,"1":0,"2":0,"3":0,"4":0,"5":0,"6":0,"7":0,"8":0,"9":0,"10":0,"11":0,"12":0,"13":0,"14":0,"15":0,"16":0,"17":0,"18":0,"19":0,"20":0,"21":0},"f":{"0":0,"1":0,"2":0,"3":0,"4":0,"5":0,"6":0,"7":0},"b":{"0":[0,0],"1":[0,0]},"_coverageSchema":"332fd63041d2c1bcb487cc26dd0d5f7d97098a6c","hash":"0cb79f1380ff407a5124c40084e07c61e7a51c6f"}
,"/home/local/vikangas/opiskelu/hy_fullstack_18/osa5/bloglist-frontend/src/components/Notification.js": {"path":"/home/local/vikangas/opiskelu/hy_fullstack_18/osa5/bloglist-frontend/src/components/Notification.js","statementMap":{"0":{"start":{"line":4,"column":21},"end":{"line":22,"column":1}},"1":{"start":{"line":5,"column":2},"end":{"line":7,"column":3}},"2":{"start":{"line":6,"column":4},"end":{"line":6,"column":15}},"3":{"start":{"line":9,"column":2},"end":{"line":21,"column":3}},"4":{"start":{"line":10,"column":4},"end":{"line":14,"column":5}},"5":{"start":{"line":16,"column":4},"end":{"line":20,"column":5}}},"fnMap":{"0":{"name":"(anonymous_0)","decl":{"start":{"line":4,"column":21},"end":{"line":4,"column":22}},"loc":{"start":{"line":4,"column":45},"end":{"line":22,"column":1}},"line":4}},"branchMap":{"0":{"loc":{"start":{"line":5,"column":2},"end":{"line":7,"column":3}},"type":"if","locations":[{"start":{"line":5,"column":2},"end":{"line":7,"column":3}},{"start":{"line":5,"column":2},"end":{"line":7,"column":3}}],"line":5},"1":{"loc":{"start":{"line":9,"column":2},"end":{"line":21,"column":3}},"type":"if","locations":[{"start":{"line":9,"column":2},"end":{"line":21,"column":3}},{"start":{"line":9,"column":2},"end":{"line":21,"column":3}}],"line":9}},"s":{"0":1,"1":2,"2":2,"3":0,"4":0,"5":0},"f":{"0":2},"b":{"0":[2,0],"1":[0,0]},"_coverageSchema":"332fd63041d2c1bcb487cc26dd0d5f7d97098a6c","hash":"455a2a21a2d83faf6c014c8eff5db1d1c5f9533b"}
,"/home/local/vikangas/opiskelu/hy_fullstack_18/osa5/bloglist-frontend/src/components/SimpleBlog.js": {"path":"/home/local/vikangas/opiskelu/hy_fullstack_18/osa5/bloglist-frontend/src/components/SimpleBlog.js","statementMap":{"0":{"start":{"line":3,"column":19},"end":{"line":13,"column":1}},"1":{"start":{"line":4,"column":2},"end":{"line":12,"column":8}}},"fnMap":{"0":{"name":"(anonymous_0)","decl":{"start":{"line":3,"column":19},"end":{"line":3,"column":20}},"loc":{"start":{"line":4,"column":2},"end":{"line":12,"column":8}},"line":4}},"branchMap":{},"s":{"0":1,"1":2},"f":{"0":2},"b":{},"_coverageSchema":"332fd63041d2c1bcb487cc26dd0d5f7d97098a6c","hash":"c5720016ac3e43a244443df0131cca131f022a23"}
,"/home/local/vikangas/opiskelu/hy_fullstack_18/osa5/bloglist-frontend/src/components/Togglable.js": {"path":"/home/local/vikangas/opiskelu/hy_fullstack_18/osa5/bloglist-frontend/src/components/Togglable.js","statementMap":{"0":{"start":{"line":11,"column":4},"end":{"line":11,"column":16}},"1":{"start":{"line":12,"column":4},"end":{"line":14,"column":5}},"2":{"start":{"line":18,"column":4},"end":{"line":18,"column":51}},"3":{"start":{"line":22,"column":28},"end":{"line":22,"column":73}},"4":{"start":{"line":23,"column":28},"end":{"line":23,"column":73}},"5":{"start":{"line":25,"column":24},"end":{"line":29,"column":5}},"6":{"start":{"line":30,"column":4},"end":{"line":40,"column":5}}},"fnMap":{"0":{"name":"(anonymous_0)","decl":{"start":{"line":10,"column":2},"end":{"line":10,"column":3}},"loc":{"start":{"line":10,"column":21},"end":{"line":15,"column":3}},"line":10},"1":{"name":"(anonymous_1)","decl":{"start":{"line":17,"column":21},"end":{"line":17,"column":22}},"loc":{"start":{"line":17,"column":27},"end":{"line":19,"column":3}},"line":17},"2":{"name":"(anonymous_2)","decl":{"start":{"line":21,"column":2},"end":{"line":21,"column":3}},"loc":{"start":{"line":21,"column":11},"end":{"line":41,"column":3}},"line":21}},"branchMap":{"0":{"loc":{"start":{"line":22,"column":39},"end":{"line":22,"column":71}},"type":"cond-expr","locations":[{"start":{"line":22,"column":60},"end":{"line":22,"column":66}},{"start":{"line":22,"column":69},"end":{"line":22,"column":71}}],"line":22},"1":{"loc":{"start":{"line":23,"column":39},"end":{"line":23,"column":71}},"type":"cond-expr","locations":[{"start":{"line":23,"column":60},"end":{"line":23,"column":62}},{"start":{"line":23,"column":65},"end":{"line":23,"column":71}}],"line":23}},"s":{"0":2,"1":2,"2":1,"3":3,"4":3,"5":3,"6":3},"f":{"0":2,"1":1,"2":3},"b":{"0":[1,2],"1":[1,2]},"_coverageSchema":"332fd63041d2c1bcb487cc26dd0d5f7d97098a6c","hash":"ad89dd1975e996cc6a7d69e73739c6bad9b0a343"}
,"/home/local/vikangas/opiskelu/hy_fullstack_18/osa5/bloglist-frontend/src/services/blogs.js": {"path":"/home/local/vikangas/opiskelu/hy_fullstack_18/osa5/bloglist-frontend/src/services/blogs.js","statementMap":{"0":{"start":{"line":1,"column":13},"end":{"line":1,"column":75}},"1":{"start":{"line":1,"column":88},"end":{"line":1,"column":104}},"2":{"start":{"line":1,"column":119},"end":{"line":1,"column":149}},"3":{"start":{"line":1,"column":188},"end":{"line":1,"column":242}},"4":{"start":{"line":2,"column":16},"end":{"line":2,"column":28}},"5":{"start":{"line":4,"column":12},"end":{"line":4,"column":16}},"6":{"start":{"line":6,"column":15},"end":{"line":9,"column":1}},"7":{"start":{"line":7,"column":18},"end":{"line":7,"column":52}},"8":{"start":{"line":8,"column":2},"end":{"line":8,"column":22}},"9":{"start":{"line":11,"column":17},"end":{"line":13,"column":1}},"10":{"start":{"line":12,"column":2},"end":{"line":12,"column":31}},"11":{"start":{"line":15,"column":15},"end":{"line":22,"column":1}},"12":{"start":{"line":16,"column":17},"end":{"line":17,"column":41}},"13":{"start":{"line":20,"column":18},"end":{"line":20,"column":72}},"14":{"start":{"line":21,"column":2},"end":{"line":21,"column":22}},"15":{"start":{"line":24,"column":13},"end":{"line":30,"column":1}},"16":{"start":{"line":25,"column":22},"end":{"line":25,"column":72}},"17":{"start":{"line":27,"column":2},"end":{"line":27,"column":67}},"18":{"start":{"line":29,"column":2},"end":{"line":29,"column":21}},"19":{"start":{"line":32,"column":15},"end":{"line":39,"column":1}},"20":{"start":{"line":33,"column":17},"end":{"line":34,"column":41}},"21":{"start":{"line":37,"column":18},"end":{"line":37,"column":74}},"22":{"start":{"line":38,"column":2},"end":{"line":38,"column":22}},"23":{"start":{"line":39,"column":2},"end":{"line":41,"column":43}}},"fnMap":{"0":{"name":"_interopRequireDefault","decl":{"start":{"line":1,"column":159},"end":{"line":1,"column":181}},"loc":{"start":{"line":1,"column":187},"end":{"line":1,"column":243}},"line":1},"1":{"name":"(anonymous_1)","decl":{"start":{"line":6,"column":15},"end":{"line":6,"column":16}},"loc":{"start":{"line":6,"column":27},"end":{"line":9,"column":1}},"line":6},"2":{"name":"(anonymous_2)","decl":{"start":{"line":11,"column":17},"end":{"line":11,"column":18}},"loc":{"start":{"line":11,"column":29},"end":{"line":13,"column":1}},"line":11},"3":{"name":"(anonymous_3)","decl":{"start":{"line":15,"column":15},"end":{"line":15,"column":16}},"loc":{"start":{"line":15,"column":34},"end":{"line":22,"column":1}},"line":15},"4":{"name":"(anonymous_4)","decl":{"start":{"line":24,"column":13},"end":{"line":24,"column":14}},"loc":{"start":{"line":24,"column":27},"end":{"line":30,"column":1}},"line":24},"5":{"name":"(anonymous_5)","decl":{"start":{"line":32,"column":15},"end":{"line":32,"column":16}},"loc":{"start":{"line":32,"column":27},"end":{"line":39,"column":1}},"line":32}},"branchMap":{"0":{"loc":{"start":{"line":1,"column":195},"end":{"line":1,"column":241}},"type":"cond-expr","locations":[{"start":{"line":1,"column":219},"end":{"line":1,"column":222}},{"start":{"line":1,"column":225},"end":{"line":1,"column":241}}],"line":1},"1":{"loc":{"start":{"line":1,"column":195},"end":{"line":1,"column":216}},"type":"binary-expr","locations":[{"start":{"line":1,"column":195},"end":{"line":1,"column":198}},{"start":{"line":1,"column":202},"end":{"line":1,"column":216}}],"line":1}},"s":{"0":0,"1":0,"2":0,"3":0,"4":0,"5":0,"6":0,"7":0,"8":0,"9":0,"10":0,"11":0,"12":0,"13":0,"14":0,"15":0,"16":0,"17":0,"18":0,"19":0,"20":0,"21":0,"22":0,"23":0},"f":{"0":0,"1":0,"2":0,"3":0,"4":0,"5":0},"b":{"0":[0,0],"1":[0,0]}}
,"/home/local/vikangas/opiskelu/hy_fullstack_18/osa5/bloglist-frontend/src/services/login.js": {"path":"/home/local/vikangas/opiskelu/hy_fullstack_18/osa5/bloglist-frontend/src/services/login.js","statementMap":{"0":{"start":{"line":2,"column":16},"end":{"line":2,"column":28}},"1":{"start":{"line":4,"column":14},"end":{"line":7,"column":1}},"2":{"start":{"line":5,"column":19},"end":{"line":5,"column":57}},"3":{"start":{"line":6,"column":2},"end":{"line":6,"column":22}}},"fnMap":{"0":{"name":"(anonymous_0)","decl":{"start":{"line":4,"column":14},"end":{"line":4,"column":15}},"loc":{"start":{"line":4,"column":37},"end":{"line":7,"column":1}},"line":4}},"branchMap":{},"s":{"0":1,"1":1,"2":0,"3":0},"f":{"0":0},"b":{},"_coverageSchema":"332fd63041d2c1bcb487cc26dd0d5f7d97098a6c","hash":"190b2f6205c4bd3daaff7f8e3603a08ea38377c4"}
}
